Performing C SOURCE FILE Test CMAKE_HAVE_LIBC_PTHREAD failed with the following output:
Change Dir: /home/laborobotique/catkin_ws/build/CMakeFiles/CMakeTmp

Run Build Command(s):/usr/bin/make cmTC_8a331/fast && /usr/bin/make -f CMakeFiles/cmTC_8a331.dir/build.make CMakeFiles/cmTC_8a331.dir/build
make[1]: Entering directory '/home/laborobotique/catkin_ws/build/CMakeFiles/CMakeTmp'
Building C object CMakeFiles/cmTC_8a331.dir/src.c.o
/usr/bin/cc   -DCMAKE_HAVE_LIBC_PTHREAD   -o CMakeFiles/cmTC_8a331.dir/src.c.o   -c /home/laborobotique/catkin_ws/build/CMakeFiles/CMakeTmp/src.c
Linking C executable cmTC_8a331
/usr/bin/cmake -E cmake_link_script CMakeFiles/cmTC_8a331.dir/link.txt --verbose=1
/usr/bin/cc  -DCMAKE_HAVE_LIBC_PTHREAD    -rdynamic CMakeFiles/cmTC_8a331.dir/src.c.o  -o cmTC_8a331 
/usr/bin/ld: CMakeFiles/cmTC_8a331.dir/src.c.o: in function `main':
src.c:(.text+0x46): undefined reference to `pthread_create'
/usr/bin/ld: src.c:(.text+0x52): undefined reference to `pthread_detach'
/usr/bin/ld: src.c:(.text+0x63): undefined reference to `pthread_join'
collect2: error: ld returned 1 exit status
make[1]: *** [CMakeFiles/cmTC_8a331.dir/build.make:87: cmTC_8a331] Error 1
make[1]: Leaving directory '/home/laborobotique/catkin_ws/build/CMakeFiles/CMakeTmp'
make: *** [Makefile:121: cmTC_8a331/fast] Error 2


Source file was:
#include <pthread.h>

void* test_func(void* data)
{
  return data;
}

int main(void)
{
  pthread_t thread;
  pthread_create(&thread, NULL, test_func, NULL);
  pthread_detach(thread);
  pthread_join(thread, NULL);
  pthread_atfork(NULL, NULL, NULL);
  pthread_exit(NULL);

  return 0;
}

Determining if the function pthread_create exists in the pthreads failed with the following output:
Change Dir: /home/laborobotique/catkin_ws/build/CMakeFiles/CMakeTmp

Run Build Command(s):/usr/bin/make cmTC_07549/fast && /usr/bin/make -f CMakeFiles/cmTC_07549.dir/build.make CMakeFiles/cmTC_07549.dir/build
make[1]: Entering directory '/home/laborobotique/catkin_ws/build/CMakeFiles/CMakeTmp'
Building C object CMakeFiles/cmTC_07549.dir/CheckFunctionExists.c.o
/usr/bin/cc   -DCHECK_FUNCTION_EXISTS=pthread_create   -o CMakeFiles/cmTC_07549.dir/CheckFunctionExists.c.o   -c /usr/share/cmake-3.16/Modules/CheckFunctionExists.c
Linking C executable cmTC_07549
/usr/bin/cmake -E cmake_link_script CMakeFiles/cmTC_07549.dir/link.txt --verbose=1
/usr/bin/cc  -DCHECK_FUNCTION_EXISTS=pthread_create    -rdynamic CMakeFiles/cmTC_07549.dir/CheckFunctionExists.c.o  -o cmTC_07549  -lpthreads 
/usr/bin/ld: cannot find -lpthreads
collect2: error: ld returned 1 exit status
make[1]: *** [CMakeFiles/cmTC_07549.dir/build.make:87: cmTC_07549] Error 1
make[1]: Leaving directory '/home/laborobotique/catkin_ws/build/CMakeFiles/CMakeTmp'
make: *** [Makefile:121: cmTC_07549/fast] Error 2



Determining if the function sgemm_ exists failed with the following output:
Change Dir: /home/laborobotique/catkin_ws/build/CMakeFiles/CMakeTmp

Run Build Command(s):/usr/bin/make cmTC_8f1b8/fast && make[1]: Entering directory '/home/laborobotique/catkin_ws/build/CMakeFiles/CMakeTmp'
/usr/bin/make -f CMakeFiles/cmTC_8f1b8.dir/build.make CMakeFiles/cmTC_8f1b8.dir/build
make[2]: Entering directory '/home/laborobotique/catkin_ws/build/CMakeFiles/CMakeTmp'
Building C object CMakeFiles/cmTC_8f1b8.dir/CheckFunctionExists.c.o
/usr/bin/cc   -DCHECK_FUNCTION_EXISTS=sgemm_   -o CMakeFiles/cmTC_8f1b8.dir/CheckFunctionExists.c.o   -c /usr/share/cmake-3.16/Modules/CheckFunctionExists.c
Linking C executable cmTC_8f1b8
/usr/bin/cmake -E cmake_link_script CMakeFiles/cmTC_8f1b8.dir/link.txt --verbose=1
/usr/bin/cc  -DCHECK_FUNCTION_EXISTS=sgemm_    CMakeFiles/cmTC_8f1b8.dir/CheckFunctionExists.c.o  -o cmTC_8f1b8 
/usr/bin/ld: CMakeFiles/cmTC_8f1b8.dir/CheckFunctionExists.c.o: in function `main':
CheckFunctionExists.c:(.text+0x14): undefined reference to `sgemm_'
collect2: error: ld returned 1 exit status
make[2]: *** [CMakeFiles/cmTC_8f1b8.dir/build.make:87: cmTC_8f1b8] Error 1
make[2]: Leaving directory '/home/laborobotique/catkin_ws/build/CMakeFiles/CMakeTmp'
make[1]: *** [Makefile:121: cmTC_8f1b8/fast] Error 2
make[1]: Leaving directory '/home/laborobotique/catkin_ws/build/CMakeFiles/CMakeTmp'



Determining if the function cheev_ exists failed with the following output:
Change Dir: /home/laborobotique/catkin_ws/build/CMakeFiles/CMakeTmp

Run Build Command(s):/usr/bin/make cmTC_c99fb/fast && make[1]: Entering directory '/home/laborobotique/catkin_ws/build/CMakeFiles/CMakeTmp'
/usr/bin/make -f CMakeFiles/cmTC_c99fb.dir/build.make CMakeFiles/cmTC_c99fb.dir/build
make[2]: Entering directory '/home/laborobotique/catkin_ws/build/CMakeFiles/CMakeTmp'
Building C object CMakeFiles/cmTC_c99fb.dir/CheckFunctionExists.c.o
/usr/bin/cc   -DCHECK_FUNCTION_EXISTS=cheev_   -o CMakeFiles/cmTC_c99fb.dir/CheckFunctionExists.c.o   -c /usr/share/cmake-3.16/Modules/CheckFunctionExists.c
Linking C executable cmTC_c99fb
/usr/bin/cmake -E cmake_link_script CMakeFiles/cmTC_c99fb.dir/link.txt --verbose=1
/usr/bin/cc  -DCHECK_FUNCTION_EXISTS=cheev_    CMakeFiles/cmTC_c99fb.dir/CheckFunctionExists.c.o  -o cmTC_c99fb  /usr/lib/x86_64-linux-gnu/libblas.so 
/usr/bin/ld: CMakeFiles/cmTC_c99fb.dir/CheckFunctionExists.c.o: in function `main':
CheckFunctionExists.c:(.text+0x14): undefined reference to `cheev_'
collect2: error: ld returned 1 exit status
make[2]: *** [CMakeFiles/cmTC_c99fb.dir/build.make:88: cmTC_c99fb] Error 1
make[2]: Leaving directory '/home/laborobotique/catkin_ws/build/CMakeFiles/CMakeTmp'
make[1]: *** [Makefile:121: cmTC_c99fb/fast] Error 2
make[1]: Leaving directory '/home/laborobotique/catkin_ws/build/CMakeFiles/CMakeTmp'



